<?xml version="1.0" encoding="UTF-8"?>
<!-- Generated by org.testng.reporters.JUnitReportReporter -->
<testsuite hostname="LAPTOP-IFFP6P5H" failures="0" tests="1" name="TestCases.AddingProductToCart" time="6.798" errors="0" timestamp="2023-07-20T17:39:21 IST" skipped="0">
  <testcase classname="TestCases.AddingProductToCart" name="addTocart" time="6.798"/>
  <system-out/>
</testsuite> <!-- TestCases.AddingProductToCart -->
