<?xml version="1.0" encoding="UTF-8"?>
<!-- Generated by org.testng.reporters.JUnitReportReporter -->
<testsuite hostname="LAPTOP-IFFP6P5H" failures="0" tests="1" name="TestCases.TC_Login_Functionality" time="2.408" errors="0" timestamp="2023-06-23T16:04:46 IST" skipped="0">
  <testcase classname="TestCases.TC_Login_Functionality" name="login" time="2.408"/>
  <system-out/>
</testsuite> <!-- TestCases.TC_Login_Functionality -->
