<?xml version="1.0" encoding="UTF-8"?>
<!-- Generated by org.testng.reporters.JUnitReportReporter -->
<testsuite hostname="LAPTOP-IFFP6P5H" failures="0" tests="3" name="TestCases.TC_Register_Functionality_DD" time="28.789" errors="0" timestamp="2023-07-20T17:35:55 IST" skipped="0">
  <testcase classname="TestCases.TC_Register_Functionality_DD" name="dataDrivenTesting" time="10.028"/>
  <system-out/>
  <testcase classname="TestCases.TC_Register_Functionality_DD" name="dataDrivenTesting" time="9.577"/>
  <system-out/>
  <testcase classname="TestCases.TC_Register_Functionality_DD" name="dataDrivenTesting" time="9.184"/>
  <system-out/>
</testsuite> <!-- TestCases.TC_Register_Functionality_DD -->
