<?xml version="1.0" encoding="UTF-8"?>
<!-- Generated by org.testng.reporters.JUnitReportReporter -->
<testsuite hostname="LAPTOP-IFFP6P5H" failures="0" tests="1" name="TestCases.TC_Register_Functionality" time="9.193" errors="0" timestamp="2023-06-26T15:17:38 IST" skipped="0">
  <testcase classname="TestCases.TC_Register_Functionality" name="registerUser" time="9.193"/>
  <system-out/>
</testsuite> <!-- TestCases.TC_Register_Functionality -->
