<?xml version="1.0" encoding="UTF-8"?>
<!-- Generated by org.testng.reporters.JUnitReportReporter -->
<testsuite hostname="LAPTOP-IFFP6P5H" failures="0" tests="1" name="TestCases.AddingMultipleProductToCart" time="8.616" errors="0" timestamp="2023-07-20T17:40:20 IST" skipped="0">
  <testcase classname="TestCases.AddingMultipleProductToCart" name="addingMultipleProductTocart" time="8.616"/>
  <system-out/>
</testsuite> <!-- TestCases.AddingMultipleProductToCart -->
