<?xml version="1.0" encoding="UTF-8"?>
<!-- Generated by org.testng.reporters.JUnitReportReporter -->
<testsuite hostname="LAPTOP-IFFP6P5H" failures="0" tests="1" name="TestCases.PrintBrandName" time="0.577" errors="0" timestamp="2023-07-03T13:17:01 IST" skipped="0">
  <testcase classname="TestCases.PrintBrandName" name="printBrandname" time="0.577"/>
  <system-out/>
</testsuite> <!-- TestCases.PrintBrandName -->
